[debug] [2020-01-14T17:27:10.842Z] ----------------------------------------------------------------------
[debug] [2020-01-14T17:27:10.846Z] Command:       /usr/bin/node /usr/bin/firebase server
[debug] [2020-01-14T17:27:10.846Z] CLI Version:   7.10.0
[debug] [2020-01-14T17:27:10.846Z] Platform:      linux
[debug] [2020-01-14T17:27:10.846Z] Node Version:  v8.16.1
[debug] [2020-01-14T17:27:10.846Z] Time:          Tue Jan 14 2020 14:27:10 GMT-0300 (-03)
[debug] [2020-01-14T17:27:10.846Z] ----------------------------------------------------------------------
[debug] [2020-01-14T17:27:10.847Z] 
[error] Error: [object Object] is not a Firebase command
[debug] [2020-01-14T17:27:10.912Z] TypeError: str.toLowerCase is not a function
    at didYouMean (/usr/lib/node_modules/firebase-tools/node_modules/didyoumean/didYouMean-1.2.1.js:147:48)
    at suggestCommands (/usr/lib/node_modules/firebase-tools/lib/index.js:28:22)
    at Command.<anonymous> (/usr/lib/node_modules/firebase-tools/lib/index.js:57:14)
    at Command.listener (/usr/lib/node_modules/firebase-tools/node_modules/commander/index.js:360:8)
    at emitTwo (events.js:126:13)
    at Command.emit (events.js:214:7)
    at Command.parseArgs (/usr/lib/node_modules/firebase-tools/node_modules/commander/index.js:801:12)
    at Command.parse (/usr/lib/node_modules/firebase-tools/node_modules/commander/index.js:563:21)
    at Object.<anonymous> (/usr/lib/node_modules/firebase-tools/lib/bin/firebase.js:98:22)
    at Module._compile (module.js:653:30)
    at Object.Module._extensions..js (module.js:664:10)
    at Module.load (module.js:566:32)
    at tryModuleLoad (module.js:506:12)
    at Function.Module._load (module.js:498:3)
    at Function.Module.runMain (module.js:694:10)
    at startup (bootstrap_node.js:204:16)
[error] 
[error] Error: An unexpected error has occurred.
